Started GET "/" for ::1 at 2024-08-05 11:27:18 +0200
  [1m[35m (9.9ms)[0m  [1m[35mCREATE TABLE "schema_migrations" ("version" varchar NOT NULL PRIMARY KEY)[0m
  [1m[35m (3.0ms)[0m  [1m[35mCREATE TABLE "ar_internal_metadata" ("key" varchar NOT NULL PRIMARY KEY, "value" varchar, "created_at" datetime(6) NOT NULL, "updated_at" datetime(6) NOT NULL)[0m
  [1m[36mActiveRecord::SchemaMigration Load (1.3ms)[0m  [1m[34mSELECT "schema_migrations"."version" FROM "schema_migrations" ORDER BY "schema_migrations"."version" ASC[0m
Processing by Rails::WelcomeController#index as HTML
  Rendering /home/choki/.asdf/installs/ruby/3.1.4/lib/ruby/gems/3.1.0/gems/railties-7.1.3.4/lib/rails/templates/rails/welcome/index.html.erb
  Rendered /home/choki/.asdf/installs/ruby/3.1.4/lib/ruby/gems/3.1.0/gems/railties-7.1.3.4/lib/rails/templates/rails/welcome/index.html.erb (Duration: 0.7ms | Allocations: 384)
Completed 200 OK in 401ms (Views: 81.5ms | ActiveRecord: 0.0ms | Allocations: 7499)


Started GET "/" for ::1 at 2024-08-05 11:32:01 +0200
Processing by Rails::WelcomeController#index as HTML
  Rendering /home/choki/.asdf/installs/ruby/3.1.4/lib/ruby/gems/3.1.0/gems/railties-7.1.3.4/lib/rails/templates/rails/welcome/index.html.erb
  Rendered /home/choki/.asdf/installs/ruby/3.1.4/lib/ruby/gems/3.1.0/gems/railties-7.1.3.4/lib/rails/templates/rails/welcome/index.html.erb (Duration: 1.0ms | Allocations: 286)
Completed 200 OK in 8ms (Views: 3.8ms | ActiveRecord: 0.0ms | Allocations: 1074)


Started GET "/articles/" for ::1 at 2024-08-05 11:32:09 +0200
  
ActionController::RoutingError (No route matches [GET] "/articles"):
  
Started GET "/articles/index" for ::1 at 2024-08-05 11:32:14 +0200
  
ActionController::RoutingError (No route matches [GET] "/articles/index"):
  
Started GET "/articles" for ::1 at 2024-08-05 11:33:24 +0200
Processing by ArticlesController#index as HTML
  Rendering layout layouts/application.html.erb
  Rendering articles/index.html.erb within layouts/application
  Rendered articles/index.html.erb within layouts/application (Duration: 5.5ms | Allocations: 111)
  Rendered layout layouts/application.html.erb (Duration: 1252.2ms | Allocations: 78630)
Completed 200 OK in 1275ms (Views: 1265.0ms | ActiveRecord: 0.0ms | Allocations: 79771)


Started GET "/articles" for ::1 at 2024-08-05 11:33:39 +0200
Processing by ArticlesController#index as HTML
  Rendering layout layouts/application.html.erb
  Rendering articles/index.html.erb within layouts/application
  Rendered articles/index.html.erb within layouts/application (Duration: 4.2ms | Allocations: 115)
  Rendered layout layouts/application.html.erb (Duration: 237.1ms | Allocations: 3738)
Completed 200 OK in 255ms (Views: 247.2ms | ActiveRecord: 0.0ms | Allocations: 4816)


  [1m[36mActiveRecord::InternalMetadata Load (1.1ms)[0m  [1m[34mSELECT * FROM "ar_internal_metadata" WHERE "ar_internal_metadata"."key" = ? ORDER BY "ar_internal_metadata"."key" ASC LIMIT 1[0m  [[nil, "environment"]]
  [1m[36mActiveRecord::InternalMetadata Create (94.1ms)[0m  [1m[32mINSERT INTO "ar_internal_metadata" ("key", "value", "created_at", "updated_at") VALUES ('environment', 'development', '2024-08-05 09:40:52.565690', '2024-08-05 09:40:52.565693') RETURNING "key"[0m
  [1m[36mActiveRecord::SchemaMigration Load (2.5ms)[0m  [1m[34mSELECT "schema_migrations"."version" FROM "schema_migrations" ORDER BY "schema_migrations"."version" ASC[0m
Migrating to CreateArticles (20240805093609)
  [1m[36mTRANSACTION (0.1ms)[0m  [1m[36mbegin transaction[0m
  [1m[35m (2.5ms)[0m  [1m[35mCREATE TABLE "articles" ("id" integer PRIMARY KEY AUTOINCREMENT NOT NULL, "title" varchar, "body" text, "created_at" datetime(6) NOT NULL, "updated_at" datetime(6) NOT NULL)[0m
  [1m[36mActiveRecord::SchemaMigration Create (0.1ms)[0m  [1m[32mINSERT INTO "schema_migrations" ("version") VALUES ('20240805093609') RETURNING "version"[0m
  [1m[36mTRANSACTION (4.3ms)[0m  [1m[36mcommit transaction[0m
  [1m[36mActiveRecord::SchemaMigration Load (1.0ms)[0m  [1m[34mSELECT "schema_migrations"."version" FROM "schema_migrations" ORDER BY "schema_migrations"."version" ASC[0m
  [1m[36mTRANSACTION (0.1ms)[0m  [1m[36mbegin transaction[0m
  [1m[36mArticle Create (3.4ms)[0m  [1m[32mINSERT INTO "articles" ("title", "body", "created_at", "updated_at") VALUES (?, ?, ?, ?) RETURNING "id"[0m  [["title", "real"], ["body", "real"], ["created_at", "2024-08-05 09:42:35.523594"], ["updated_at", "2024-08-05 09:42:35.523594"]]
  [1m[36mTRANSACTION (3.0ms)[0m  [1m[36mcommit transaction[0m
  [1m[36mArticle Load (1.8ms)[0m  [1m[34mSELECT "articles".* FROM "articles" WHERE "articles"."id" = ? LIMIT ?[0m  [["id", 1], ["LIMIT", 1]]
  [1m[36mArticle Load (1.2ms)[0m  [1m[34mSELECT "articles".* FROM "articles" /* loading for pp */ LIMIT ?[0m  [["LIMIT", 11]]
Started GET "/articles" for ::1 at 2024-08-05 11:46:09 +0200
  [1m[36mActiveRecord::SchemaMigration Load (0.6ms)[0m  [1m[34mSELECT "schema_migrations"."version" FROM "schema_migrations" ORDER BY "schema_migrations"."version" ASC[0m
Processing by ArticlesController#index as HTML
  Rendering layout layouts/application.html.erb
  Rendering articles/index.html.erb within layouts/application
  [1m[36mArticle Load (0.6ms)[0m  [1m[34mSELECT "articles".* FROM "articles"[0m
  ↳ app/views/articles/index.html.erb:4
  Rendered articles/index.html.erb within layouts/application (Duration: 29.7ms | Allocations: 10391)
  Rendered layout layouts/application.html.erb (Duration: 97.6ms | Allocations: 12059)
Completed 200 OK in 182ms (Views: 102.6ms | ActiveRecord: 8.8ms | Allocations: 18872)


Started GET "/articles/1" for ::1 at 2024-08-05 11:51:42 +0200
Processing by ArticlesController#show as HTML
  Parameters: {"id"=>"1"}
  [1m[36mArticle Load (15.1ms)[0m  [1m[34mSELECT "articles".* FROM "articles" WHERE "articles"."id" = ? LIMIT ?[0m  [["id", 1], ["LIMIT", 1]]
  ↳ app/controllers/articles_controller.rb:7:in `show'
  Rendering layout layouts/application.html.erb
  Rendering articles/show.html.erb within layouts/application
  Rendered articles/show.html.erb within layouts/application (Duration: 25.4ms | Allocations: 165)
  Rendered layout layouts/application.html.erb (Duration: 133.0ms | Allocations: 1784)
Completed 200 OK in 310ms (Views: 166.7ms | ActiveRecord: 23.1ms | Allocations: 8434)


Started GET "/articles/" for ::1 at 2024-08-05 11:56:51 +0200
Processing by ArticlesController#index as HTML
  Rendering layout layouts/application.html.erb
  Rendering articles/index.html.erb within layouts/application
  [1m[36mArticle Load (3.1ms)[0m  [1m[34mSELECT "articles".* FROM "articles"[0m
  ↳ app/views/articles/index.html.erb:4
  Rendered articles/index.html.erb within layouts/application (Duration: 48.6ms | Allocations: 3981)
  Rendered layout layouts/application.html.erb (Duration: 105.1ms | Allocations: 5596)
Completed 200 OK in 148ms (Views: 61.4ms | ActiveRecord: 56.3ms | Allocations: 7360)


Started GET "/articles/1" for ::1 at 2024-08-05 11:56:54 +0200
Processing by ArticlesController#show as HTML
  Parameters: {"id"=>"1"}
  [1m[36mArticle Load (0.9ms)[0m  [1m[34mSELECT "articles".* FROM "articles" WHERE "articles"."id" = ? LIMIT ?[0m  [["id", 1], ["LIMIT", 1]]
  ↳ app/controllers/articles_controller.rb:7:in `show'
  Rendering layout layouts/application.html.erb
  Rendering articles/show.html.erb within layouts/application
  Rendered articles/show.html.erb within layouts/application (Duration: 6.3ms | Allocations: 121)
  Rendered layout layouts/application.html.erb (Duration: 57.3ms | Allocations: 1307)
Completed 200 OK in 76ms (Views: 58.9ms | ActiveRecord: 0.9ms | Allocations: 2843)


Started GET "/articles/" for ::1 at 2024-08-05 12:04:46 +0200
Processing by ArticlesController#index as HTML
  Rendering layout layouts/application.html.erb
  Rendering articles/index.html.erb within layouts/application
  [1m[36mArticle Load (112.4ms)[0m  [1m[34mSELECT "articles".* FROM "articles"[0m
  ↳ app/views/articles/index.html.erb:4
  Rendered articles/index.html.erb within layouts/application (Duration: 124.1ms | Allocations: 3454)
  Rendered layout layouts/application.html.erb (Duration: 183.1ms | Allocations: 5082)
Completed 200 OK in 248ms (Views: -19.5ms | ActiveRecord: 218.4ms | Allocations: 6851)


Started GET "/articles/new" for ::1 at 2024-08-05 12:04:49 +0200
Processing by ArticlesController#new as HTML
  Rendering layout layouts/application.html.erb
  Rendering articles/new.html.erb within layouts/application
  Rendered articles/new.html.erb within layouts/application (Duration: 74.9ms | Allocations: 2360)
  Rendered layout layouts/application.html.erb (Duration: 144.1ms | Allocations: 3425)
Completed 200 OK in 156ms (Views: 146.6ms | ActiveRecord: 0.0ms | Allocations: 3804)


Started POST "/articles" for ::1 at 2024-08-05 12:12:07 +0200
Processing by ArticlesController#create as HTML
  Parameters: {"authenticity_token"=>"[FILTERED]", "article"=>{"title"=>"Skibidi", "body"=>"Sigma pomni"}, "commit"=>"Create Article"}
  [1m[36mTRANSACTION (0.0ms)[0m  [1m[36mbegin transaction[0m
  ↳ app/controllers/articles_controller.rb:17:in `create'
  [1m[36mArticle Create (31.0ms)[0m  [1m[32mINSERT INTO "articles" ("title", "body", "created_at", "updated_at") VALUES (?, ?, ?, ?) RETURNING "id"[0m  [["title", "Skibidi"], ["body", "Sigma pomni"], ["created_at", "2024-08-05 10:12:07.771889"], ["updated_at", "2024-08-05 10:12:07.771889"]]
  ↳ app/controllers/articles_controller.rb:17:in `create'
  [1m[36mTRANSACTION (7.6ms)[0m  [1m[36mcommit transaction[0m
  ↳ app/controllers/articles_controller.rb:17:in `create'
Redirected to http://localhost:3000/articles/2
Completed 302 Found in 124ms (ActiveRecord: 59.8ms | Allocations: 7492)


Started GET "/articles/2" for ::1 at 2024-08-05 12:12:07 +0200
Processing by ArticlesController#show as HTML
  Parameters: {"id"=>"2"}
  [1m[36mArticle Load (1.3ms)[0m  [1m[34mSELECT "articles".* FROM "articles" WHERE "articles"."id" = ? LIMIT ?[0m  [["id", 2], ["LIMIT", 1]]
  ↳ app/controllers/articles_controller.rb:7:in `show'
  Rendering layout layouts/application.html.erb
  Rendering articles/show.html.erb within layouts/application
  Rendered articles/show.html.erb within layouts/application (Duration: 4.2ms | Allocations: 158)
  Rendered layout layouts/application.html.erb (Duration: 81.0ms | Allocations: 1774)
Completed 200 OK in 107ms (Views: 92.9ms | ActiveRecord: 1.2ms | Allocations: 4087)


Started POST "/articles" for ::1 at 2024-08-05 12:12:13 +0200
Processing by ArticlesController#create as HTML
  Parameters: {"authenticity_token"=>"[FILTERED]", "article"=>{"title"=>"Skibidi", "body"=>"sdf"}, "commit"=>"Create Article"}
  Rendering layout layouts/application.html.erb
  Rendering articles/new.html.erb within layouts/application
  Rendered articles/new.html.erb within layouts/application (Duration: 12.2ms | Allocations: 2921)
  Rendered layout layouts/application.html.erb (Duration: 13.9ms | Allocations: 3004)
Completed 500 Internal Server Error in 34ms (ActiveRecord: 0.0ms | Allocations: 4296)


  
ActionView::Template::Error (undefined method `full_message_for' for #<ActiveModel::Errors [#<ActiveModel::Error attribute=body, type=too_short, options={:count=>10}>]>

'.freeze;         @article.errors.full_message_for(:title).each do |message| 
                                 ^^^^^^^^^^^^^^^^^
Did you mean?  full_messages_for
               full_message
               full_messages):
    4:     <div>
    5:         <%= form.label :title %><br>
    6:         <%= form.text_field :title %>
    7:         <% @article.errors.full_message_for(:title).each do |message| %>
    8:             <div><%= message %></div>
    9:         <% end %>
   10:     </div>
  
app/views/articles/new.html.erb:7
app/views/articles/new.html.erb:3
app/controllers/articles_controller.rb:20:in `create'
Started POST "/articles" for ::1 at 2024-08-05 12:12:23 +0200
Processing by ArticlesController#create as HTML
  Parameters: {"authenticity_token"=>"[FILTERED]", "article"=>{"title"=>"Skibidi", "body"=>"sdf"}, "commit"=>"Create Article"}
  Rendering layout layouts/application.html.erb
  Rendering articles/new.html.erb within layouts/application
  Rendered articles/new.html.erb within layouts/application (Duration: 10.1ms | Allocations: 1944)
  Rendered layout layouts/application.html.erb (Duration: 59.9ms | Allocations: 3204)
Completed 422 Unprocessable Content in 201ms (Views: 95.7ms | ActiveRecord: 69.8ms | Allocations: 9126)


Started GET "/articles/new" for ::1 at 2024-08-05 12:16:39 +0200
Processing by ArticlesController#new as HTML
  Rendering layout layouts/application.html.erb
  Rendering articles/new.html.erb within layouts/application
  Rendered articles/new.html.erb within layouts/application (Duration: 66.8ms | Allocations: 1968)
  Rendered layout layouts/application.html.erb (Duration: 68.8ms | Allocations: 2057)
Completed 500 Internal Server Error in 187ms (ActiveRecord: 72.6ms | Allocations: 6789)


  
ActionView::Template::Error (Missing partial partials/_form with {:locale=>[:en], :formats=>[:html], :variants=>[], :handlers=>[:raw, :erb, :html, :builder, :ruby, :jbuilder]}.

Searched in:
  * "/mnt/c/Dev/Work/blog/app/views"
  * "/home/choki/.asdf/installs/ruby/3.1.4/lib/ruby/gems/3.1.0/gems/turbo-rails-2.0.6/app/views"
  * "/home/choki/.asdf/installs/ruby/3.1.4/lib/ruby/gems/3.1.0/gems/actiontext-7.1.3.4/app/views"
  * "/home/choki/.asdf/installs/ruby/3.1.4/lib/ruby/gems/3.1.0/gems/actionmailbox-7.1.3.4/app/views"

Did you mean?  articles/partials/form
               action_text/attachables/remote_image
               active_storage/blobs/blob
               action_text/attachables/content_attachment
               action_text/attachables/missing_attachable
               action_text/contents/content):
    1: <h1>New Article</h1>
    2: 
    3: <% render "partials/form", article: @article %>
  
app/views/articles/new.html.erb:3
Started GET "/articles/new" for ::1 at 2024-08-05 12:16:54 +0200
Processing by ArticlesController#new as HTML
  Rendering layout layouts/application.html.erb
  Rendering articles/new.html.erb within layouts/application
  Rendered articles/new.html.erb within layouts/application (Duration: 33.8ms | Allocations: 1985)
  Rendered layout layouts/application.html.erb (Duration: 35.9ms | Allocations: 2074)
Completed 500 Internal Server Error in 103ms (ActiveRecord: 42.3ms | Allocations: 6866)


  
ActionView::Template::Error (Missing partial partials/_form with {:locale=>[:en], :formats=>[:html], :variants=>[], :handlers=>[:raw, :erb, :html, :builder, :ruby, :jbuilder]}.

Searched in:
  * "/mnt/c/Dev/Work/blog/app/views"
  * "/home/choki/.asdf/installs/ruby/3.1.4/lib/ruby/gems/3.1.0/gems/turbo-rails-2.0.6/app/views"
  * "/home/choki/.asdf/installs/ruby/3.1.4/lib/ruby/gems/3.1.0/gems/actiontext-7.1.3.4/app/views"
  * "/home/choki/.asdf/installs/ruby/3.1.4/lib/ruby/gems/3.1.0/gems/actionmailbox-7.1.3.4/app/views"

Did you mean?  articles/partials/form
               action_text/attachables/remote_image
               active_storage/blobs/blob
               action_text/attachables/content_attachment
               action_text/attachables/missing_attachable
               action_text/contents/content):
    1: <h1>New Article</h1>
    2: 
    3: <%= render "partials/form", article: @article %>
  
app/views/articles/new.html.erb:3
Started GET "/articles/new" for ::1 at 2024-08-05 12:17:11 +0200
Processing by ArticlesController#new as HTML
  Rendering layout layouts/application.html.erb
  Rendering articles/new.html.erb within layouts/application
  Rendered articles/_form.html.erb (Duration: 9.0ms | Allocations: 1423)
  Rendered articles/new.html.erb within layouts/application (Duration: 28.0ms | Allocations: 1675)
  Rendered layout layouts/application.html.erb (Duration: 70.9ms | Allocations: 2942)
Completed 200 OK in 164ms (Views: 83.7ms | ActiveRecord: 55.6ms | Allocations: 7752)


Started GET "/articles/new" for ::1 at 2024-08-05 12:19:21 +0200
Processing by ArticlesController#new as HTML
  Rendering layout layouts/application.html.erb
  Rendering articles/new.html.erb within layouts/application
  Rendered articles/_form.html.erb (Duration: 6.8ms | Allocations: 1423)
  Rendered articles/new.html.erb within layouts/application (Duration: 22.3ms | Allocations: 1677)
  Rendered layout layouts/application.html.erb (Duration: 85.8ms | Allocations: 2944)
Completed 200 OK in 181ms (Views: 107.2ms | ActiveRecord: 73.7ms | Allocations: 7719)


Started GET "/articles/" for ::1 at 2024-08-05 12:19:23 +0200
Processing by ArticlesController#index as HTML
  Rendering layout layouts/application.html.erb
  Rendering articles/index.html.erb within layouts/application
  [1m[36mArticle Load (2.4ms)[0m  [1m[34mSELECT "articles".* FROM "articles"[0m
  ↳ app/views/articles/index.html.erb:4
  Rendered articles/index.html.erb within layouts/application (Duration: 15.2ms | Allocations: 1001)
  Rendered layout layouts/application.html.erb (Duration: 72.4ms | Allocations: 2187)
Completed 200 OK in 90ms (Views: 71.6ms | ActiveRecord: 2.4ms | Allocations: 2568)


Started GET "/articles/1" for ::1 at 2024-08-05 12:19:25 +0200
Processing by ArticlesController#show as HTML
  Parameters: {"id"=>"1"}
  [1m[36mArticle Load (1.1ms)[0m  [1m[34mSELECT "articles".* FROM "articles" WHERE "articles"."id" = ? LIMIT ?[0m  [["id", 1], ["LIMIT", 1]]
  ↳ app/controllers/articles_controller.rb:7:in `show'
  Rendering layout layouts/application.html.erb
  Rendering articles/show.html.erb within layouts/application
  Rendered articles/show.html.erb within layouts/application (Duration: 7.9ms | Allocations: 180)
  Rendered layout layouts/application.html.erb (Duration: 75.6ms | Allocations: 1368)
Completed 200 OK in 100ms (Views: 78.0ms | ActiveRecord: 1.1ms | Allocations: 2873)


Started GET "/articles/1/edit" for ::1 at 2024-08-05 12:19:27 +0200
Processing by ArticlesController#edit as HTML
  Parameters: {"id"=>"1"}
  [1m[36mArticle Load (0.6ms)[0m  [1m[34mSELECT "articles".* FROM "articles" WHERE "articles"."id" = ? LIMIT ?[0m  [["id", 1], ["LIMIT", 1]]
  ↳ app/controllers/articles_controller.rb:25:in `edit'
  Rendering layout layouts/application.html.erb
  Rendering articles/edit.html.erb within layouts/application
  Rendered articles/edit.html.erb within layouts/application (Duration: 43.9ms | Allocations: 2036)
  Rendered layout layouts/application.html.erb (Duration: 45.3ms | Allocations: 2119)
Completed 500 Internal Server Error in 61ms (ActiveRecord: 0.6ms | Allocations: 2932)


  
ActionView::Template::Error (Missing partial articles/_from, application/_from with {:locale=>[:en], :formats=>[:html], :variants=>[], :handlers=>[:raw, :erb, :html, :builder, :ruby, :jbuilder]}.

Searched in:
  * "/mnt/c/Dev/Work/blog/app/views"
  * "/home/choki/.asdf/installs/ruby/3.1.4/lib/ruby/gems/3.1.0/gems/turbo-rails-2.0.6/app/views"
  * "/home/choki/.asdf/installs/ruby/3.1.4/lib/ruby/gems/3.1.0/gems/actiontext-7.1.3.4/app/views"
  * "/home/choki/.asdf/installs/ruby/3.1.4/lib/ruby/gems/3.1.0/gems/actionmailbox-7.1.3.4/app/views"

Did you mean?  articles/form
               active_storage/blobs/blob
               action_text/attachables/remote_image
               layouts/action_text/contents/content
               action_text/contents/content
               action_text/attachables/content_attachment):
    1: <h1>Edit Article</h1>
    2: 
    3: <%= render "from", article: @article %>
  
app/views/articles/edit.html.erb:3
Started GET "/articles/1/edit" for ::1 at 2024-08-05 12:19:47 +0200
Processing by ArticlesController#edit as HTML
  Parameters: {"id"=>"1"}
  [1m[36mArticle Load (1.6ms)[0m  [1m[34mSELECT "articles".* FROM "articles" WHERE "articles"."id" = ? LIMIT ?[0m  [["id", 1], ["LIMIT", 1]]
  ↳ app/controllers/articles_controller.rb:25:in `edit'
  Rendering layout layouts/application.html.erb
  Rendering articles/edit.html.erb within layouts/application
  Rendered articles/_form.html.erb (Duration: 7.1ms | Allocations: 1493)
  Rendered articles/edit.html.erb within layouts/application (Duration: 21.1ms | Allocations: 1745)
  Rendered layout layouts/application.html.erb (Duration: 68.7ms | Allocations: 3003)
Completed 200 OK in 185ms (Views: 82.8ms | ActiveRecord: 71.7ms | Allocations: 9161)


Started GET "/articles/1/new" for ::1 at 2024-08-05 12:19:53 +0200
  
ActionController::RoutingError (No route matches [GET] "/articles/1/new"):
  
Started PATCH "/articles/1" for ::1 at 2024-08-05 12:20:15 +0200
Processing by ArticlesController#update as HTML
  Parameters: {"authenticity_token"=>"[FILTERED]", "article"=>{"title"=>"real", "body"=>"real real real real "}, "commit"=>"Update Article", "id"=>"1"}
  [1m[36mArticle Load (1.2ms)[0m  [1m[34mSELECT "articles".* FROM "articles" WHERE "articles"."id" = ? LIMIT ?[0m  [["id", 1], ["LIMIT", 1]]
  ↳ app/controllers/articles_controller.rb:29:in `update'
  [1m[36mTRANSACTION (0.1ms)[0m  [1m[36mbegin transaction[0m
  ↳ app/controllers/articles_controller.rb:31:in `update'
  [1m[36mArticle Update (2.6ms)[0m  [1m[33mUPDATE "articles" SET "body" = ?, "updated_at" = ? WHERE "articles"."id" = ?[0m  [["body", "real real real real "], ["updated_at", "2024-08-05 10:20:15.722736"], ["id", 1]]
  ↳ app/controllers/articles_controller.rb:31:in `update'
  [1m[36mTRANSACTION (22.9ms)[0m  [1m[36mcommit transaction[0m
  ↳ app/controllers/articles_controller.rb:31:in `update'
Redirected to http://localhost:3000/articles/1
Completed 302 Found in 39ms (ActiveRecord: 26.7ms | Allocations: 3555)


Started GET "/articles/1" for ::1 at 2024-08-05 12:20:15 +0200
Processing by ArticlesController#show as HTML
  Parameters: {"id"=>"1"}
  [1m[36mArticle Load (1.8ms)[0m  [1m[34mSELECT "articles".* FROM "articles" WHERE "articles"."id" = ? LIMIT ?[0m  [["id", 1], ["LIMIT", 1]]
  ↳ app/controllers/articles_controller.rb:7:in `show'
  Rendering layout layouts/application.html.erb
  Rendering articles/show.html.erb within layouts/application
  Rendered articles/show.html.erb within layouts/application (Duration: 5.5ms | Allocations: 184)
  Rendered layout layouts/application.html.erb (Duration: 51.0ms | Allocations: 1386)
Completed 200 OK in 71ms (Views: 52.8ms | ActiveRecord: 1.8ms | Allocations: 2206)


  [1m[36mArticle Load (1.6ms)[0m  [1m[34mSELECT "articles".* FROM "articles" WHERE "articles"."id" = ? LIMIT ?[0m  [["id", 2], ["LIMIT", 1]]
  [1m[36mArticle Load (1.1ms)[0m  [1m[34mSELECT "articles".* FROM "articles" WHERE "articles"."id" = ? LIMIT ?[0m  [["id", 1], ["LIMIT", 1]]
Started GET "/articles/1" for ::1 at 2024-08-05 12:24:56 +0200
  
SyntaxError (/mnt/c/Dev/Work/blog/app/controllers/articles_controller.rb:42: syntax error, unexpected symbol literal, expecting `do' or '{' or '('
...redirect_to root_path, status :see_other
...                              ^
):
  
app/controllers/articles_controller.rb:42: syntax error, unexpected symbol literal, expecting `do' or '{' or '('
Started GET "/articles/1" for ::1 at 2024-08-05 12:25:31 +0200
Processing by ArticlesController#show as HTML
  Parameters: {"id"=>"1"}
  [1m[36mArticle Load (0.5ms)[0m  [1m[34mSELECT "articles".* FROM "articles" WHERE "articles"."id" = ? LIMIT ?[0m  [["id", 1], ["LIMIT", 1]]
  ↳ app/controllers/articles_controller.rb:7:in `show'
  Rendering layout layouts/application.html.erb
  Rendering articles/show.html.erb within layouts/application
  Rendered articles/show.html.erb within layouts/application (Duration: 8.5ms | Allocations: 353)
  Rendered layout layouts/application.html.erb (Duration: 63.8ms | Allocations: 1973)
Completed 200 OK in 155ms (Views: 78.2ms | ActiveRecord: 13.7ms | Allocations: 8069)


Started GET "/articles/1" for ::1 at 2024-08-05 12:25:33 +0200
Processing by ArticlesController#show as HTML
  Parameters: {"id"=>"1"}
  [1m[36mArticle Load (0.5ms)[0m  [1m[34mSELECT "articles".* FROM "articles" WHERE "articles"."id" = ? LIMIT ?[0m  [["id", 1], ["LIMIT", 1]]
  ↳ app/controllers/articles_controller.rb:7:in `show'
  Rendering layout layouts/application.html.erb
  Rendering articles/show.html.erb within layouts/application
  Rendered articles/show.html.erb within layouts/application (Duration: 0.2ms | Allocations: 86)
  Rendered layout layouts/application.html.erb (Duration: 65.4ms | Allocations: 1265)
Completed 200 OK in 72ms (Views: 67.2ms | ActiveRecord: 0.5ms | Allocations: 2099)


Started GET "/articles/" for ::1 at 2024-08-05 12:25:38 +0200
Processing by ArticlesController#index as HTML
  Rendering layout layouts/application.html.erb
  Rendering articles/index.html.erb within layouts/application
  [1m[36mArticle Load (1.1ms)[0m  [1m[34mSELECT "articles".* FROM "articles"[0m
  ↳ app/views/articles/index.html.erb:4
  Rendered articles/index.html.erb within layouts/application (Duration: 20.6ms | Allocations: 916)
  Rendered layout layouts/application.html.erb (Duration: 113.5ms | Allocations: 2096)
Completed 200 OK in 137ms (Views: 115.0ms | ActiveRecord: 1.1ms | Allocations: 2400)


Started GET "/articles/2" for ::1 at 2024-08-05 12:25:40 +0200
Processing by ArticlesController#show as HTML
  Parameters: {"id"=>"2"}
  [1m[36mArticle Load (0.8ms)[0m  [1m[34mSELECT "articles".* FROM "articles" WHERE "articles"."id" = ? LIMIT ?[0m  [["id", 2], ["LIMIT", 1]]
  ↳ app/controllers/articles_controller.rb:7:in `show'
  Rendering layout layouts/application.html.erb
  Rendering articles/show.html.erb within layouts/application
  Rendered articles/show.html.erb within layouts/application (Duration: 0.3ms | Allocations: 86)
  Rendered layout layouts/application.html.erb (Duration: 49.5ms | Allocations: 1274)
Completed 200 OK in 58ms (Views: 50.9ms | ActiveRecord: 0.8ms | Allocations: 2023)


Started GET "/articles/2" for ::1 at 2024-08-05 12:25:41 +0200
Processing by ArticlesController#show as HTML
  Parameters: {"id"=>"2"}
  [1m[36mArticle Load (0.6ms)[0m  [1m[34mSELECT "articles".* FROM "articles" WHERE "articles"."id" = ? LIMIT ?[0m  [["id", 2], ["LIMIT", 1]]
  ↳ app/controllers/articles_controller.rb:7:in `show'
  Rendering layout layouts/application.html.erb
  Rendering articles/show.html.erb within layouts/application
  Rendered articles/show.html.erb within layouts/application (Duration: 0.2ms | Allocations: 86)
  Rendered layout layouts/application.html.erb (Duration: 59.7ms | Allocations: 1273)
Completed 200 OK in 73ms (Views: 61.0ms | ActiveRecord: 0.6ms | Allocations: 2023)


Started GET "/articles/2" for ::1 at 2024-08-05 12:26:08 +0200
Processing by ArticlesController#show as HTML
  Parameters: {"id"=>"2"}
  [1m[36mArticle Load (0.8ms)[0m  [1m[34mSELECT "articles".* FROM "articles" WHERE "articles"."id" = ? LIMIT ?[0m  [["id", 2], ["LIMIT", 1]]
  ↳ app/controllers/articles_controller.rb:7:in `show'
  Rendering layout layouts/application.html.erb
  Rendering articles/show.html.erb within layouts/application
  Rendered articles/show.html.erb within layouts/application (Duration: 6.9ms | Allocations: 348)
  Rendered layout layouts/application.html.erb (Duration: 74.9ms | Allocations: 1963)
Completed 200 OK in 156ms (Views: 93.1ms | ActiveRecord: 14.0ms | Allocations: 8024)


Started GET "/articles/2" for ::1 at 2024-08-05 12:26:10 +0200
Processing by ArticlesController#show as HTML
  Parameters: {"id"=>"2"}
  [1m[36mArticle Load (0.6ms)[0m  [1m[34mSELECT "articles".* FROM "articles" WHERE "articles"."id" = ? LIMIT ?[0m  [["id", 2], ["LIMIT", 1]]
  ↳ app/controllers/articles_controller.rb:7:in `show'
  Rendering layout layouts/application.html.erb
  Rendering articles/show.html.erb within layouts/application
  Rendered articles/show.html.erb within layouts/application (Duration: 0.2ms | Allocations: 86)
  Rendered layout layouts/application.html.erb (Duration: 58.0ms | Allocations: 1280)
Completed 200 OK in 65ms (Views: 59.5ms | ActiveRecord: 0.6ms | Allocations: 2114)


Started GET "/articles/2" for ::1 at 2024-08-05 12:26:21 +0200
Processing by ArticlesController#show as HTML
  Parameters: {"id"=>"2"}
  [1m[36mArticle Load (0.6ms)[0m  [1m[34mSELECT "articles".* FROM "articles" WHERE "articles"."id" = ? LIMIT ?[0m  [["id", 2], ["LIMIT", 1]]
  ↳ app/controllers/articles_controller.rb:7:in `show'
  Rendering layout layouts/application.html.erb
  Rendering articles/show.html.erb within layouts/application
  Rendered articles/show.html.erb within layouts/application (Duration: 5.6ms | Allocations: 349)
  Rendered layout layouts/application.html.erb (Duration: 51.2ms | Allocations: 1969)
Completed 200 OK in 113ms (Views: 63.8ms | ActiveRecord: 12.0ms | Allocations: 8093)


Started GET "/articles/2/edit" for ::1 at 2024-08-05 12:26:23 +0200
Processing by ArticlesController#edit as HTML
  Parameters: {"id"=>"2"}
  [1m[36mArticle Load (0.5ms)[0m  [1m[34mSELECT "articles".* FROM "articles" WHERE "articles"."id" = ? LIMIT ?[0m  [["id", 2], ["LIMIT", 1]]
  ↳ app/controllers/articles_controller.rb:25:in `edit'
  Rendering layout layouts/application.html.erb
  Rendering articles/edit.html.erb within layouts/application
  Rendered articles/_form.html.erb (Duration: 7.0ms | Allocations: 1297)
  Rendered articles/edit.html.erb within layouts/application (Duration: 23.6ms | Allocations: 1515)
  Rendered layout layouts/application.html.erb (Duration: 77.8ms | Allocations: 2445)
Completed 200 OK in 95ms (Views: 79.5ms | ActiveRecord: 0.4ms | Allocations: 3336)


Started GET "/articles/1" for ::1 at 2024-08-05 12:26:26 +0200
Processing by ArticlesController#show as HTML
  Parameters: {"id"=>"1"}
  [1m[36mArticle Load (0.6ms)[0m  [1m[34mSELECT "articles".* FROM "articles" WHERE "articles"."id" = ? LIMIT ?[0m  [["id", 1], ["LIMIT", 1]]
  ↳ app/controllers/articles_controller.rb:7:in `show'
  Rendering layout layouts/application.html.erb
  Rendering articles/show.html.erb within layouts/application
  Rendered articles/show.html.erb within layouts/application (Duration: 0.4ms | Allocations: 86)
  Rendered layout layouts/application.html.erb (Duration: 58.1ms | Allocations: 1283)
Completed 200 OK in 65ms (Views: 59.7ms | ActiveRecord: 0.5ms | Allocations: 2033)


Started GET "/articles/1" for ::1 at 2024-08-05 12:26:26 +0200
Processing by ArticlesController#show as HTML
  Parameters: {"id"=>"1"}
  [1m[36mArticle Load (0.5ms)[0m  [1m[34mSELECT "articles".* FROM "articles" WHERE "articles"."id" = ? LIMIT ?[0m  [["id", 1], ["LIMIT", 1]]
  ↳ app/controllers/articles_controller.rb:7:in `show'
  Rendering layout layouts/application.html.erb
  Rendering articles/show.html.erb within layouts/application
  Rendered articles/show.html.erb within layouts/application (Duration: 0.3ms | Allocations: 86)
  Rendered layout layouts/application.html.erb (Duration: 42.7ms | Allocations: 1262)
Completed 200 OK in 49ms (Views: 44.4ms | ActiveRecord: 0.5ms | Allocations: 2011)


Started GET "/articles/1" for ::1 at 2024-08-05 12:26:30 +0200
Processing by ArticlesController#show as HTML
  Parameters: {"id"=>"1"}
  [1m[36mArticle Load (0.6ms)[0m  [1m[34mSELECT "articles".* FROM "articles" WHERE "articles"."id" = ? LIMIT ?[0m  [["id", 1], ["LIMIT", 1]]
  ↳ app/controllers/articles_controller.rb:7:in `show'
  Rendering layout layouts/application.html.erb
  Rendering articles/show.html.erb within layouts/application
  Rendered articles/show.html.erb within layouts/application (Duration: 0.3ms | Allocations: 86)
  Rendered layout layouts/application.html.erb (Duration: 46.2ms | Allocations: 1274)
Completed 200 OK in 53ms (Views: 47.8ms | ActiveRecord: 0.6ms | Allocations: 2023)


Started GET "/articles/1" for ::1 at 2024-08-05 12:26:34 +0200
Processing by ArticlesController#show as HTML
  Parameters: {"id"=>"1"}
  [1m[36mArticle Load (2.0ms)[0m  [1m[34mSELECT "articles".* FROM "articles" WHERE "articles"."id" = ? LIMIT ?[0m  [["id", 1], ["LIMIT", 1]]
  ↳ app/controllers/articles_controller.rb:7:in `show'
  Rendering layout layouts/application.html.erb
  Rendering articles/show.html.erb within layouts/application
  Rendered articles/show.html.erb within layouts/application (Duration: 0.2ms | Allocations: 86)
  Rendered layout layouts/application.html.erb (Duration: 62.0ms | Allocations: 1268)
Completed 200 OK in 70ms (Views: 63.7ms | ActiveRecord: 2.0ms | Allocations: 2017)


Started GET "/articles/" for ::1 at 2024-08-05 12:26:38 +0200
Processing by ArticlesController#index as HTML
  Rendering layout layouts/application.html.erb
  Rendering articles/index.html.erb within layouts/application
  [1m[36mArticle Load (0.8ms)[0m  [1m[34mSELECT "articles".* FROM "articles"[0m
  ↳ app/views/articles/index.html.erb:4
  Rendered articles/index.html.erb within layouts/application (Duration: 11.3ms | Allocations: 904)
  Rendered layout layouts/application.html.erb (Duration: 54.8ms | Allocations: 2087)
Completed 200 OK in 71ms (Views: 55.7ms | ActiveRecord: 0.8ms | Allocations: 2391)


Started GET "/" for ::1 at 2024-08-05 12:27:17 +0200
  [1m[36mActiveRecord::SchemaMigration Load (1.0ms)[0m  [1m[34mSELECT "schema_migrations"."version" FROM "schema_migrations" ORDER BY "schema_migrations"."version" ASC[0m
Processing by ArticlesController#index as HTML
  Rendering layout layouts/application.html.erb
  Rendering articles/index.html.erb within layouts/application
  [1m[36mArticle Load (0.8ms)[0m  [1m[34mSELECT "articles".* FROM "articles"[0m
  ↳ app/views/articles/index.html.erb:4
  Rendered articles/index.html.erb within layouts/application (Duration: 38.1ms | Allocations: 10757)
  Rendered layout layouts/application.html.erb (Duration: 435.2ms | Allocations: 31014)
Completed 200 OK in 649ms (Views: 461.7ms | ActiveRecord: 16.2ms | Allocations: 41253)


Started GET "/articles/1" for ::1 at 2024-08-05 12:27:19 +0200
Processing by ArticlesController#show as HTML
  Parameters: {"id"=>"1"}
  [1m[36mArticle Load (0.6ms)[0m  [1m[34mSELECT "articles".* FROM "articles" WHERE "articles"."id" = ? LIMIT ?[0m  [["id", 1], ["LIMIT", 1]]
  ↳ app/controllers/articles_controller.rb:7:in `show'
  Rendering layout layouts/application.html.erb
  Rendering articles/show.html.erb within layouts/application
  Rendered articles/show.html.erb within layouts/application (Duration: 6.9ms | Allocations: 333)
  Rendered layout layouts/application.html.erb (Duration: 55.6ms | Allocations: 1709)
Completed 200 OK in 81ms (Views: 57.5ms | ActiveRecord: 0.6ms | Allocations: 4604)


Started GET "/articles/1" for ::1 at 2024-08-05 12:27:20 +0200
Processing by ArticlesController#show as HTML
  Parameters: {"id"=>"1"}
  [1m[36mArticle Load (0.6ms)[0m  [1m[34mSELECT "articles".* FROM "articles" WHERE "articles"."id" = ? LIMIT ?[0m  [["id", 1], ["LIMIT", 1]]
  ↳ app/controllers/articles_controller.rb:7:in `show'
  Rendering layout layouts/application.html.erb
  Rendering articles/show.html.erb within layouts/application
  Rendered articles/show.html.erb within layouts/application (Duration: 0.3ms | Allocations: 86)
  Rendered layout layouts/application.html.erb (Duration: 74.9ms | Allocations: 1271)
Completed 200 OK in 85ms (Views: 77.8ms | ActiveRecord: 0.6ms | Allocations: 2050)


Started GET "/articles/1" for ::1 at 2024-08-05 12:27:22 +0200
Processing by ArticlesController#show as HTML
  Parameters: {"id"=>"1"}
  [1m[36mArticle Load (0.9ms)[0m  [1m[34mSELECT "articles".* FROM "articles" WHERE "articles"."id" = ? LIMIT ?[0m  [["id", 1], ["LIMIT", 1]]
  ↳ app/controllers/articles_controller.rb:7:in `show'
  Rendering layout layouts/application.html.erb
  Rendering articles/show.html.erb within layouts/application
  Rendered articles/show.html.erb within layouts/application (Duration: 0.3ms | Allocations: 86)
  Rendered layout layouts/application.html.erb (Duration: 115.6ms | Allocations: 1277)
Completed 200 OK in 126ms (Views: 117.7ms | ActiveRecord: 0.9ms | Allocations: 2044)


Started GET "/articles/1" for ::1 at 2024-08-05 12:27:23 +0200
Processing by ArticlesController#show as HTML
  Parameters: {"id"=>"1"}
  [1m[36mArticle Load (0.6ms)[0m  [1m[34mSELECT "articles".* FROM "articles" WHERE "articles"."id" = ? LIMIT ?[0m  [["id", 1], ["LIMIT", 1]]
  ↳ app/controllers/articles_controller.rb:7:in `show'
  Rendering layout layouts/application.html.erb
  Rendering articles/show.html.erb within layouts/application
  Rendered articles/show.html.erb within layouts/application (Duration: 0.2ms | Allocations: 86)
  Rendered layout layouts/application.html.erb (Duration: 68.5ms | Allocations: 1280)
Completed 200 OK in 79ms (Views: 70.3ms | ActiveRecord: 0.5ms | Allocations: 2047)


Started GET "/articles/1" for ::1 at 2024-08-05 12:27:24 +0200
Processing by ArticlesController#show as HTML
  Parameters: {"id"=>"1"}
  [1m[36mArticle Load (0.6ms)[0m  [1m[34mSELECT "articles".* FROM "articles" WHERE "articles"."id" = ? LIMIT ?[0m  [["id", 1], ["LIMIT", 1]]
  ↳ app/controllers/articles_controller.rb:7:in `show'
  Rendering layout layouts/application.html.erb
  Rendering articles/show.html.erb within layouts/application
  Rendered articles/show.html.erb within layouts/application (Duration: 0.3ms | Allocations: 86)
  Rendered layout layouts/application.html.erb (Duration: 113.3ms | Allocations: 1265)
Completed 200 OK in 123ms (Views: 115.7ms | ActiveRecord: 0.6ms | Allocations: 2016)


Started GET "/articles/1" for ::1 at 2024-08-05 12:27:25 +0200
Processing by ArticlesController#show as HTML
  Parameters: {"id"=>"1"}
  [1m[36mArticle Load (0.6ms)[0m  [1m[34mSELECT "articles".* FROM "articles" WHERE "articles"."id" = ? LIMIT ?[0m  [["id", 1], ["LIMIT", 1]]
  ↳ app/controllers/articles_controller.rb:7:in `show'
  Rendering layout layouts/application.html.erb
  Rendering articles/show.html.erb within layouts/application
  Rendered articles/show.html.erb within layouts/application (Duration: 0.3ms | Allocations: 86)
  Rendered layout layouts/application.html.erb (Duration: 66.6ms | Allocations: 1284)
Completed 200 OK in 74ms (Views: 68.4ms | ActiveRecord: 0.6ms | Allocations: 2033)


Started GET "/articles/1" for ::1 at 2024-08-05 12:27:26 +0200
Processing by ArticlesController#show as HTML
  Parameters: {"id"=>"1"}
  [1m[36mArticle Load (0.4ms)[0m  [1m[34mSELECT "articles".* FROM "articles" WHERE "articles"."id" = ? LIMIT ?[0m  [["id", 1], ["LIMIT", 1]]
  ↳ app/controllers/articles_controller.rb:7:in `show'
  Rendering layout layouts/application.html.erb
  Rendering articles/show.html.erb within layouts/application
  Rendered articles/show.html.erb within layouts/application (Duration: 0.3ms | Allocations: 86)
  Rendered layout layouts/application.html.erb (Duration: 43.2ms | Allocations: 1286)
Completed 200 OK in 48ms (Views: 44.6ms | ActiveRecord: 0.4ms | Allocations: 2035)


Started GET "/articles/1" for ::1 at 2024-08-05 12:28:04 +0200
Processing by ArticlesController#show as HTML
  Parameters: {"id"=>"1"}
  [1m[36mArticle Load (1.0ms)[0m  [1m[34mSELECT "articles".* FROM "articles" WHERE "articles"."id" = ? LIMIT ?[0m  [["id", 1], ["LIMIT", 1]]
  ↳ app/controllers/articles_controller.rb:7:in `show'
  Rendering layout layouts/application.html.erb
  Rendering articles/show.html.erb within layouts/application
  Rendered articles/show.html.erb within layouts/application (Duration: 7.9ms | Allocations: 344)
  Rendered layout layouts/application.html.erb (Duration: 84.1ms | Allocations: 1950)
Completed 200 OK in 173ms (Views: 104.8ms | ActiveRecord: 16.5ms | Allocations: 8061)


Started GET "/articles/1" for ::1 at 2024-08-05 12:28:06 +0200
Processing by ArticlesController#show as HTML
  Parameters: {"id"=>"1"}
  [1m[36mArticle Load (0.9ms)[0m  [1m[34mSELECT "articles".* FROM "articles" WHERE "articles"."id" = ? LIMIT ?[0m  [["id", 1], ["LIMIT", 1]]
  ↳ app/controllers/articles_controller.rb:7:in `show'
  Rendering layout layouts/application.html.erb
  Rendering articles/show.html.erb within layouts/application
  Rendered articles/show.html.erb within layouts/application (Duration: 0.5ms | Allocations: 86)
  Rendered layout layouts/application.html.erb (Duration: 56.4ms | Allocations: 1286)
Completed 200 OK in 67ms (Views: 58.8ms | ActiveRecord: 0.9ms | Allocations: 2120)


Started GET "/articles/" for ::1 at 2024-08-05 12:28:30 +0200
Processing by ArticlesController#index as HTML
  Rendering layout layouts/application.html.erb
  Rendering articles/index.html.erb within layouts/application
  [1m[36mArticle Load (0.5ms)[0m  [1m[34mSELECT "articles".* FROM "articles"[0m
  ↳ app/views/articles/index.html.erb:4
  Rendered articles/index.html.erb within layouts/application (Duration: 19.8ms | Allocations: 3941)
  Rendered layout layouts/application.html.erb (Duration: 102.1ms | Allocations: 5553)
Completed 200 OK in 165ms (Views: 106.8ms | ActiveRecord: 12.0ms | Allocations: 7470)


Started GET "/articles/1" for ::1 at 2024-08-05 12:28:31 +0200
Processing by ArticlesController#show as HTML
  Parameters: {"id"=>"1"}
  [1m[36mArticle Load (0.7ms)[0m  [1m[34mSELECT "articles".* FROM "articles" WHERE "articles"."id" = ? LIMIT ?[0m  [["id", 1], ["LIMIT", 1]]
  ↳ app/controllers/articles_controller.rb:7:in `show'
  Rendering layout layouts/application.html.erb
  Rendering articles/show.html.erb within layouts/application
  Rendered articles/show.html.erb within layouts/application (Duration: 10.3ms | Allocations: 246)
  Rendered layout layouts/application.html.erb (Duration: 74.7ms | Allocations: 1431)
Completed 200 OK in 99ms (Views: 76.9ms | ActiveRecord: 0.7ms | Allocations: 2957)


Started GET "/articles/1" for ::1 at 2024-08-05 12:28:32 +0200
Processing by ArticlesController#show as HTML
  Parameters: {"id"=>"1"}
  [1m[36mArticle Load (0.6ms)[0m  [1m[34mSELECT "articles".* FROM "articles" WHERE "articles"."id" = ? LIMIT ?[0m  [["id", 1], ["LIMIT", 1]]
  ↳ app/controllers/articles_controller.rb:7:in `show'
  Rendering layout layouts/application.html.erb
  Rendering articles/show.html.erb within layouts/application
  Rendered articles/show.html.erb within layouts/application (Duration: 0.4ms | Allocations: 86)
  Rendered layout layouts/application.html.erb (Duration: 43.3ms | Allocations: 1265)
Completed 200 OK in 51ms (Views: 45.1ms | ActiveRecord: 0.6ms | Allocations: 2014)


Started GET "/articles/1" for ::1 at 2024-08-05 12:28:36 +0200
Processing by ArticlesController#show as HTML
  Parameters: {"id"=>"1"}
  [1m[36mArticle Load (0.7ms)[0m  [1m[34mSELECT "articles".* FROM "articles" WHERE "articles"."id" = ? LIMIT ?[0m  [["id", 1], ["LIMIT", 1]]
  ↳ app/controllers/articles_controller.rb:7:in `show'
  Rendering layout layouts/application.html.erb
  Rendering articles/show.html.erb within layouts/application
  Rendered articles/show.html.erb within layouts/application (Duration: 0.3ms | Allocations: 86)
  Rendered layout layouts/application.html.erb (Duration: 64.7ms | Allocations: 1269)
Completed 200 OK in 72ms (Views: 66.1ms | ActiveRecord: 0.7ms | Allocations: 2018)


Started GET "/articles/1" for ::1 at 2024-08-05 12:28:50 +0200
Processing by ArticlesController#show as HTML
  Parameters: {"id"=>"1"}
  [1m[36mArticle Load (0.9ms)[0m  [1m[34mSELECT "articles".* FROM "articles" WHERE "articles"."id" = ? LIMIT ?[0m  [["id", 1], ["LIMIT", 1]]
  ↳ app/controllers/articles_controller.rb:7:in `show'
  Rendering layout layouts/application.html.erb
  Rendering articles/show.html.erb within layouts/application
  Rendered articles/show.html.erb within layouts/application (Duration: 9.1ms | Allocations: 339)
  Rendered layout layouts/application.html.erb (Duration: 77.5ms | Allocations: 1958)
Completed 200 OK in 171ms (Views: 100.4ms | ActiveRecord: 13.0ms | Allocations: 8022)


Started GET "/articles/1" for ::1 at 2024-08-05 12:28:52 +0200
Processing by ArticlesController#show as HTML
  Parameters: {"id"=>"1"}
  [1m[36mArticle Load (0.5ms)[0m  [1m[34mSELECT "articles".* FROM "articles" WHERE "articles"."id" = ? LIMIT ?[0m  [["id", 1], ["LIMIT", 1]]
  ↳ app/controllers/articles_controller.rb:7:in `show'
  Rendering layout layouts/application.html.erb
  Rendering articles/show.html.erb within layouts/application
  Rendered articles/show.html.erb within layouts/application (Duration: 0.2ms | Allocations: 80)
  Rendered layout layouts/application.html.erb (Duration: 40.5ms | Allocations: 1268)
Completed 200 OK in 46ms (Views: 41.8ms | ActiveRecord: 0.5ms | Allocations: 2103)


Started GET "/articles/" for ::1 at 2024-08-05 12:28:55 +0200
Processing by ArticlesController#index as HTML
  Rendering layout layouts/application.html.erb
  Rendering articles/index.html.erb within layouts/application
  [1m[36mArticle Load (0.4ms)[0m  [1m[34mSELECT "articles".* FROM "articles"[0m
  ↳ app/views/articles/index.html.erb:4
  Rendered articles/index.html.erb within layouts/application (Duration: 9.6ms | Allocations: 916)
  Rendered layout layouts/application.html.erb (Duration: 62.0ms | Allocations: 2117)
Completed 200 OK in 75ms (Views: 63.4ms | ActiveRecord: 0.4ms | Allocations: 2421)


Started GET "/articles/" for ::1 at 2024-08-05 12:54:37 +0200
  [1m[36mActiveRecord::SchemaMigration Load (1.2ms)[0m  [1m[34mSELECT "schema_migrations"."version" FROM "schema_migrations" ORDER BY "schema_migrations"."version" ASC[0m
  
ActiveRecord::PendingMigrationError (

Migrations are pending. To resolve this issue, run:

        bin/rails db:migrate

You have 1 pending migration:

db/migrate/20240805102940_create_comments.rb


):
  
activerecord (7.1.3.4) lib/active_record/migration.rb:755:in `check_pending_migrations'
activerecord (7.1.3.4) lib/active_record/migration.rb:644:in `block (2 levels) in call'
activesupport (7.1.3.4) lib/active_support/file_update_checker.rb:85:in `execute'
activerecord (7.1.3.4) lib/active_record/migration.rb:649:in `block in call'
activerecord (7.1.3.4) lib/active_record/migration.rb:641:in `synchronize'
activerecord (7.1.3.4) lib/active_record/migration.rb:641:in `call'
actionpack (7.1.3.4) lib/action_dispatch/middleware/callbacks.rb:29:in `block in call'
activesupport (7.1.3.4) lib/active_support/callbacks.rb:101:in `run_callbacks'
actionpack (7.1.3.4) lib/action_dispatch/middleware/callbacks.rb:28:in `call'
actionpack (7.1.3.4) lib/action_dispatch/middleware/executor.rb:14:in `call'
actionpack (7.1.3.4) lib/action_dispatch/middleware/actionable_exceptions.rb:16:in `call'
actionpack (7.1.3.4) lib/action_dispatch/middleware/debug_exceptions.rb:29:in `call'
web-console (4.2.1) lib/web_console/middleware.rb:132:in `call_app'
web-console (4.2.1) lib/web_console/middleware.rb:28:in `block in call'
web-console (4.2.1) lib/web_console/middleware.rb:17:in `catch'
web-console (4.2.1) lib/web_console/middleware.rb:17:in `call'
actionpack (7.1.3.4) lib/action_dispatch/middleware/show_exceptions.rb:31:in `call'
railties (7.1.3.4) lib/rails/rack/logger.rb:37:in `call_app'
railties (7.1.3.4) lib/rails/rack/logger.rb:24:in `block in call'
activesupport (7.1.3.4) lib/active_support/tagged_logging.rb:135:in `block in tagged'
activesupport (7.1.3.4) lib/active_support/tagged_logging.rb:39:in `tagged'
activesupport (7.1.3.4) lib/active_support/tagged_logging.rb:135:in `tagged'
activesupport (7.1.3.4) lib/active_support/broadcast_logger.rb:240:in `method_missing'
railties (7.1.3.4) lib/rails/rack/logger.rb:24:in `call'
sprockets-rails (3.5.2) lib/sprockets/rails/quiet_assets.rb:17:in `call'
actionpack (7.1.3.4) lib/action_dispatch/middleware/remote_ip.rb:92:in `call'
actionpack (7.1.3.4) lib/action_dispatch/middleware/request_id.rb:28:in `call'
rack (3.1.7) lib/rack/method_override.rb:28:in `call'
rack (3.1.7) lib/rack/runtime.rb:24:in `call'
activesupport (7.1.3.4) lib/active_support/cache/strategy/local_cache_middleware.rb:29:in `call'
actionpack (7.1.3.4) lib/action_dispatch/middleware/server_timing.rb:59:in `block in call'
actionpack (7.1.3.4) lib/action_dispatch/middleware/server_timing.rb:24:in `collect_events'
actionpack (7.1.3.4) lib/action_dispatch/middleware/server_timing.rb:58:in `call'
actionpack (7.1.3.4) lib/action_dispatch/middleware/executor.rb:14:in `call'
actionpack (7.1.3.4) lib/action_dispatch/middleware/static.rb:25:in `call'
rack (3.1.7) lib/rack/sendfile.rb:114:in `call'
actionpack (7.1.3.4) lib/action_dispatch/middleware/host_authorization.rb:141:in `call'
railties (7.1.3.4) lib/rails/engine.rb:536:in `call'
puma (6.4.2) lib/puma/configuration.rb:272:in `call'
puma (6.4.2) lib/puma/request.rb:100:in `block in handle_request'
puma (6.4.2) lib/puma/thread_pool.rb:378:in `with_force_shutdown'
puma (6.4.2) lib/puma/request.rb:99:in `handle_request'
puma (6.4.2) lib/puma/server.rb:464:in `process_client'
puma (6.4.2) lib/puma/server.rb:245:in `block in run'
puma (6.4.2) lib/puma/thread_pool.rb:155:in `block in spawn_thread'
  [1m[36mActiveRecord::InternalMetadata Load (1.2ms)[0m  [1m[34mSELECT * FROM "ar_internal_metadata" WHERE "ar_internal_metadata"."key" = ? ORDER BY "ar_internal_metadata"."key" ASC LIMIT 1[0m  [[nil, "environment"]]
  [1m[36mActiveRecord::SchemaMigration Load (0.5ms)[0m  [1m[34mSELECT "schema_migrations"."version" FROM "schema_migrations" ORDER BY "schema_migrations"."version" ASC[0m
Migrating to CreateComments (20240805102940)
  [1m[36mTRANSACTION (0.1ms)[0m  [1m[36mbegin transaction[0m
  [1m[35m (3.1ms)[0m  [1m[35mCREATE TABLE "comments" ("id" integer PRIMARY KEY AUTOINCREMENT NOT NULL, "commenter" varchar, "body" text, "article_id" integer NOT NULL, "created_at" datetime(6) NOT NULL, "updated_at" datetime(6) NOT NULL, CONSTRAINT "fk_rails_3bf61a60d3"
FOREIGN KEY ("article_id")
  REFERENCES "articles" ("id")
)[0m
  [1m[35m (0.1ms)[0m  [1m[35mCREATE INDEX "index_comments_on_article_id" ON "comments" ("article_id")[0m
  [1m[36mActiveRecord::SchemaMigration Create (0.1ms)[0m  [1m[32mINSERT INTO "schema_migrations" ("version") VALUES ('20240805102940') RETURNING "version"[0m
  [1m[36mTRANSACTION (7.5ms)[0m  [1m[36mcommit transaction[0m
  [1m[36mActiveRecord::SchemaMigration Load (0.4ms)[0m  [1m[34mSELECT "schema_migrations"."version" FROM "schema_migrations" ORDER BY "schema_migrations"."version" ASC[0m
Started GET "/articles/" for ::1 at 2024-08-05 13:11:59 +0200
  [1m[36mActiveRecord::SchemaMigration Load (0.6ms)[0m  [1m[34mSELECT "schema_migrations"."version" FROM "schema_migrations" ORDER BY "schema_migrations"."version" ASC[0m
Processing by ArticlesController#index as HTML
  Rendering layout layouts/application.html.erb
  Rendering articles/index.html.erb within layouts/application
  [1m[36mArticle Load (4.5ms)[0m  [1m[34mSELECT "articles".* FROM "articles"[0m
  ↳ app/views/articles/index.html.erb:4
  Rendered articles/index.html.erb within layouts/application (Duration: 94.5ms | Allocations: 10246)
  Rendered layout layouts/application.html.erb (Duration: 601.2ms | Allocations: 30490)
Completed 200 OK in 1010ms (Views: 562.6ms | ActiveRecord: 103.1ms | Allocations: 42126)


Started GET "/articles/1" for ::1 at 2024-08-05 13:12:08 +0200
Processing by ArticlesController#show as HTML
  Parameters: {"id"=>"1"}
  [1m[36mArticle Load (1.0ms)[0m  [1m[34mSELECT "articles".* FROM "articles" WHERE "articles"."id" = ? LIMIT ?[0m  [["id", 1], ["LIMIT", 1]]
  ↳ app/controllers/articles_controller.rb:7:in `show'
  Rendering layout layouts/application.html.erb
  Rendering articles/show.html.erb within layouts/application
  Rendered articles/show.html.erb within layouts/application (Duration: 17.7ms | Allocations: 1588)
  Rendered layout layouts/application.html.erb (Duration: 19.4ms | Allocations: 1692)
Completed 500 Internal Server Error in 48ms (ActiveRecord: 1.0ms | Allocations: 4618)


  
ActionView::SyntaxErrorInTemplate (Encountered a syntax error while rendering template: check <h1><%= @article.title %></h1>

<p><%= @article.body %></p>

<ul>
  <li><%= link_to "Edit", edit_article_path(@article) %></li>
  <li><%= link_to "Destroy", article_path(@article), data: {
                    turbo_method: :delete,
                    turbo_confirm: "Are you sure?"
                  } %></li>
</ul>

<h2>Add a comment:</h2>
<%= form_with model: [ @article, @article.comments.build ] do |form| %>
  <p>
    <%= form.label: commenter %><br>
    <%= form.text_field :commenter %>
  </p>
  <p>
    <%= form.label :body %><br>
    <%= form.text_area :body %>
  </p>
  <p>
    <%= form.submit %>
  </p>
<% end %>
):
1:    <h1><%= @article.title %></h1>
2:    
3:    <p><%= @article.body %></p>
4:    
5:    <ul>
6:      <li><%= link_to "Edit", edit_article_path(@article) %></li>
7:      <li><%= link_to "Destroy", article_path(@article), data: {
8:                        turbo_method: :delete,
9:                        turbo_confirm: "Are you sure?"
10:                      } %></li>
11:    </ul>
12:    
13:    <h2>Add a comment:</h2>
14:    <%= form_with model: [ @article, @article.comments.build ] do |form| %>
15:      <p>
16:        <%= form.label: commenter %><br>
17:        <%= form.text_field :commenter %>
18:      </p>
19:      <p>
20:        <%= form.label :body %><br>
21:        <%= form.text_area :body %>
22:      </p>
23:      <p>
24:        <%= form.submit %>
25:      </p>
26:    <% end %>
  
app/views/articles/show.html.erb:16: syntax error, unexpected ':'
Started GET "/articles/" for ::1 at 2024-08-05 13:12:34 +0200
Processing by ArticlesController#index as HTML
  Rendering layout layouts/application.html.erb
  Rendering articles/index.html.erb within layouts/application
  [1m[36mArticle Load (0.8ms)[0m  [1m[34mSELECT "articles".* FROM "articles"[0m
  ↳ app/views/articles/index.html.erb:4
  Rendered articles/index.html.erb within layouts/application (Duration: 3.1ms | Allocations: 789)
  Rendered layout layouts/application.html.erb (Duration: 67.2ms | Allocations: 2171)
Completed 200 OK in 72ms (Views: 68.7ms | ActiveRecord: 0.8ms | Allocations: 2468)


Started GET "/articles/" for ::1 at 2024-08-05 13:12:36 +0200
Processing by ArticlesController#index as HTML
  Rendering layout layouts/application.html.erb
  Rendering articles/index.html.erb within layouts/application
  [1m[36mArticle Load (0.9ms)[0m  [1m[34mSELECT "articles".* FROM "articles"[0m
  ↳ app/views/articles/index.html.erb:4
  Rendered articles/index.html.erb within layouts/application (Duration: 4.4ms | Allocations: 675)
  Rendered layout layouts/application.html.erb (Duration: 77.7ms | Allocations: 1870)
Completed 200 OK in 83ms (Views: 79.0ms | ActiveRecord: 0.9ms | Allocations: 2124)


Started GET "/articles/1" for ::1 at 2024-08-05 13:12:38 +0200
Processing by ArticlesController#show as HTML
  Parameters: {"id"=>"1"}
  [1m[36mArticle Load (0.7ms)[0m  [1m[34mSELECT "articles".* FROM "articles" WHERE "articles"."id" = ? LIMIT ?[0m  [["id", 1], ["LIMIT", 1]]
  ↳ app/controllers/articles_controller.rb:7:in `show'
  Rendering layout layouts/application.html.erb
  Rendering articles/show.html.erb within layouts/application
  Rendered articles/show.html.erb within layouts/application (Duration: 358.3ms | Allocations: 18058)
  Rendered layout layouts/application.html.erb (Duration: 397.8ms | Allocations: 19115)
Completed 200 OK in 405ms (Views: 395.8ms | ActiveRecord: 4.3ms | Allocations: 19933)


Started GET "/articles/1" for ::1 at 2024-08-05 13:17:33 +0200
Processing by ArticlesController#show as HTML
  Parameters: {"id"=>"1"}
  [1m[36mArticle Load (1.1ms)[0m  [1m[34mSELECT "articles".* FROM "articles" WHERE "articles"."id" = ? LIMIT ?[0m  [["id", 1], ["LIMIT", 1]]
  ↳ app/controllers/articles_controller.rb:7:in `show'
  Rendering layout layouts/application.html.erb
  Rendering articles/show.html.erb within layouts/application
  Rendered articles/show.html.erb within layouts/application (Duration: 1.6ms | Allocations: 1198)
  Rendered layout layouts/application.html.erb (Duration: 108.2ms | Allocations: 2130)
Completed 200 OK in 120ms (Views: 110.0ms | ActiveRecord: 1.0ms | Allocations: 2991)


Started POST "/articles/1/comments" for ::1 at 2024-08-05 13:17:40 +0200
Processing by CommentsController#create as HTML
  Parameters: {"authenticity_token"=>"[FILTERED]", "comment"=>{"commenter"=>"Hi", "body"=>"Test"}, "commit"=>"Create Comment", "article_id"=>"1"}
  [1m[36mArticle Load (1.2ms)[0m  [1m[34mSELECT "articles".* FROM "articles" WHERE "articles"."id" = ? LIMIT ?[0m  [["id", 1], ["LIMIT", 1]]
  ↳ app/controllers/comments_controller.rb:3:in `create'
  [1m[36mTRANSACTION (0.1ms)[0m  [1m[36mbegin transaction[0m
  ↳ app/controllers/comments_controller.rb:4:in `create'
  [1m[36mComment Create (4.5ms)[0m  [1m[32mINSERT INTO "comments" ("commenter", "body", "article_id", "created_at", "updated_at") VALUES (?, ?, ?, ?, ?) RETURNING "id"[0m  [["commenter", "Hi"], ["body", "Test"], ["article_id", 1], ["created_at", "2024-08-05 11:17:40.536139"], ["updated_at", "2024-08-05 11:17:40.536139"]]
  ↳ app/controllers/comments_controller.rb:4:in `create'
  [1m[36mTRANSACTION (25.3ms)[0m  [1m[36mcommit transaction[0m
  ↳ app/controllers/comments_controller.rb:4:in `create'
Redirected to http://localhost:3000/articles/1
Completed 302 Found in 49ms (ActiveRecord: 31.0ms | Allocations: 5110)


Started GET "/articles/1" for ::1 at 2024-08-05 13:17:40 +0200
Processing by ArticlesController#show as HTML
  Parameters: {"id"=>"1"}
  [1m[36mArticle Load (1.9ms)[0m  [1m[34mSELECT "articles".* FROM "articles" WHERE "articles"."id" = ? LIMIT ?[0m  [["id", 1], ["LIMIT", 1]]
  ↳ app/controllers/articles_controller.rb:7:in `show'
  Rendering layout layouts/application.html.erb
  Rendering articles/show.html.erb within layouts/application
  Rendered articles/show.html.erb within layouts/application (Duration: 1.6ms | Allocations: 1190)
  Rendered layout layouts/application.html.erb (Duration: 45.1ms | Allocations: 2225)
Completed 200 OK in 52ms (Views: 46.2ms | ActiveRecord: 1.9ms | Allocations: 3019)


Started GET "/articles/1" for ::1 at 2024-08-05 13:17:43 +0200
Processing by ArticlesController#show as HTML
  Parameters: {"id"=>"1"}
  [1m[36mArticle Load (0.5ms)[0m  [1m[34mSELECT "articles".* FROM "articles" WHERE "articles"."id" = ? LIMIT ?[0m  [["id", 1], ["LIMIT", 1]]
  ↳ app/controllers/articles_controller.rb:7:in `show'
  Rendering layout layouts/application.html.erb
  Rendering articles/show.html.erb within layouts/application
  Rendered articles/show.html.erb within layouts/application (Duration: 1.5ms | Allocations: 1101)
  Rendered layout layouts/application.html.erb (Duration: 58.0ms | Allocations: 2031)
Completed 200 OK in 65ms (Views: 60.9ms | ActiveRecord: 0.5ms | Allocations: 2783)


Started GET "/articles/1" for ::1 at 2024-08-05 13:18:00 +0200
Processing by ArticlesController#show as HTML
  Parameters: {"id"=>"1"}
  [1m[36mArticle Load (0.5ms)[0m  [1m[34mSELECT "articles".* FROM "articles" WHERE "articles"."id" = ? LIMIT ?[0m  [["id", 1], ["LIMIT", 1]]
  ↳ app/controllers/articles_controller.rb:7:in `show'
  Rendering layout layouts/application.html.erb
  Rendering articles/show.html.erb within layouts/application
  Rendered articles/show.html.erb within layouts/application (Duration: 1.5ms | Allocations: 1113)
  Rendered layout layouts/application.html.erb (Duration: 46.1ms | Allocations: 2043)
Completed 200 OK in 53ms (Views: 47.4ms | ActiveRecord: 0.5ms | Allocations: 2795)


Started GET "/articles/" for ::1 at 2024-08-05 13:18:03 +0200
Processing by ArticlesController#index as HTML
  Rendering layout layouts/application.html.erb
  Rendering articles/index.html.erb within layouts/application
  [1m[36mArticle Load (1.2ms)[0m  [1m[34mSELECT "articles".* FROM "articles"[0m
  ↳ app/views/articles/index.html.erb:4
  Rendered articles/index.html.erb within layouts/application (Duration: 4.5ms | Allocations: 689)
  Rendered layout layouts/application.html.erb (Duration: 60.1ms | Allocations: 1876)
Completed 200 OK in 65ms (Views: 61.0ms | ActiveRecord: 1.1ms | Allocations: 2121)


Started GET "/articles/" for ::1 at 2024-08-05 13:18:30 +0200
  [1m[36mActiveRecord::SchemaMigration Load (2.4ms)[0m  [1m[34mSELECT "schema_migrations"."version" FROM "schema_migrations" ORDER BY "schema_migrations"."version" ASC[0m
Processing by ArticlesController#index as HTML
  Rendering layout layouts/application.html.erb
  Rendering articles/index.html.erb within layouts/application
  [1m[36mArticle Load (2.8ms)[0m  [1m[34mSELECT "articles".* FROM "articles"[0m
  ↳ app/views/articles/index.html.erb:4
  Rendered articles/index.html.erb within layouts/application (Duration: 79.1ms | Allocations: 10247)
  Rendered layout layouts/application.html.erb (Duration: 471.9ms | Allocations: 30490)
Completed 200 OK in 623ms (Views: 418.4ms | ActiveRecord: 80.2ms | Allocations: 41869)


Started GET "/articles/1" for ::1 at 2024-08-05 13:18:42 +0200
Processing by ArticlesController#show as HTML
  Parameters: {"id"=>"1"}
  [1m[36mArticle Load (1.1ms)[0m  [1m[34mSELECT "articles".* FROM "articles" WHERE "articles"."id" = ? LIMIT ?[0m  [["id", 1], ["LIMIT", 1]]
  ↳ app/controllers/articles_controller.rb:7:in `show'
  Rendering layout layouts/application.html.erb
  Rendering articles/show.html.erb within layouts/application
  [1m[36mComment Load (0.9ms)[0m  [1m[34mSELECT "comments".* FROM "comments" WHERE "comments"."article_id" = ?[0m  [["article_id", 1]]
  ↳ app/views/articles/show.html.erb:14
  Rendered articles/show.html.erb within layouts/application (Duration: 126.0ms | Allocations: 13257)
  Rendered layout layouts/application.html.erb (Duration: 185.2ms | Allocations: 14315)
Completed 200 OK in 204ms (Views: 182.0ms | ActiveRecord: 5.9ms | Allocations: 17216)


Started GET "/articles/1" for ::1 at 2024-08-05 13:20:46 +0200
Processing by ArticlesController#show as HTML
  Parameters: {"id"=>"1"}
  [1m[36mArticle Load (0.9ms)[0m  [1m[34mSELECT "articles".* FROM "articles" WHERE "articles"."id" = ? LIMIT ?[0m  [["id", 1], ["LIMIT", 1]]
  ↳ app/controllers/articles_controller.rb:7:in `show'
  Rendering layout layouts/application.html.erb
  Rendering articles/show.html.erb within layouts/application
  [1m[36mComment Load (0.5ms)[0m  [1m[34mSELECT "comments".* FROM "comments" WHERE "comments"."article_id" = ?[0m  [["article_id", 1]]
  ↳ app/views/articles/show.html.erb:14
  Rendered articles/show.html.erb within layouts/application (Duration: 91.7ms | Allocations: 9182)
  Rendered layout layouts/application.html.erb (Duration: 93.1ms | Allocations: 9280)
Completed 500 Internal Server Error in 191ms (ActiveRecord: 67.8ms | Allocations: 15707)


  
ActionView::Template::Error (Missing partial comments/_comment with {:locale=>[:en], :formats=>[:html], :variants=>[], :handlers=>[:raw, :erb, :html, :builder, :ruby, :jbuilder]}.

Searched in:
  * "/mnt/c/Dev/Work/blog/app/views"
  * "/home/choki/.asdf/installs/ruby/3.1.4/lib/ruby/gems/3.1.0/gems/turbo-rails-2.0.6/app/views"
  * "/home/choki/.asdf/installs/ruby/3.1.4/lib/ruby/gems/3.1.0/gems/actiontext-7.1.3.4/app/views"
  * "/home/choki/.asdf/installs/ruby/3.1.4/lib/ruby/gems/3.1.0/gems/actionmailbox-7.1.3.4/app/views"

Did you mean?  comments/comments
               action_text/contents/content
               layouts/action_text/contents/content
               action_text/attachables/content_attachment
               action_text/attachables/remote_image
               articles/form):
    11: </ul>
    12: 
    13: <h2>Comments</h2>
    14: <%= render @article.comments %>
    15: 
    16: <h2>Add a comment:</h2>
    17: <%= form_with model: [ @article, @article.comments.build ] do |form| %>
  
app/views/articles/show.html.erb:14
Started GET "/articles/1" for ::1 at 2024-08-05 13:20:47 +0200
Processing by ArticlesController#show as HTML
  Parameters: {"id"=>"1"}
  [1m[36mArticle Load (1.1ms)[0m  [1m[34mSELECT "articles".* FROM "articles" WHERE "articles"."id" = ? LIMIT ?[0m  [["id", 1], ["LIMIT", 1]]
  ↳ app/controllers/articles_controller.rb:7:in `show'
  Rendering layout layouts/application.html.erb
  Rendering articles/show.html.erb within layouts/application
  [1m[36mComment Load (1.5ms)[0m  [1m[34mSELECT "comments".* FROM "comments" WHERE "comments"."article_id" = ?[0m  [["article_id", 1]]
  ↳ app/views/articles/show.html.erb:14
  Rendered articles/show.html.erb within layouts/application (Duration: 101.2ms | Allocations: 2775)
  Rendered layout layouts/application.html.erb (Duration: 103.2ms | Allocations: 2858)
Completed 500 Internal Server Error in 115ms (ActiveRecord: 2.5ms | Allocations: 3722)


  
ActionView::Template::Error (Missing partial comments/_comment with {:locale=>[:en], :formats=>[:html], :variants=>[], :handlers=>[:raw, :erb, :html, :builder, :ruby, :jbuilder]}.

Searched in:
  * "/mnt/c/Dev/Work/blog/app/views"
  * "/home/choki/.asdf/installs/ruby/3.1.4/lib/ruby/gems/3.1.0/gems/turbo-rails-2.0.6/app/views"
  * "/home/choki/.asdf/installs/ruby/3.1.4/lib/ruby/gems/3.1.0/gems/actiontext-7.1.3.4/app/views"
  * "/home/choki/.asdf/installs/ruby/3.1.4/lib/ruby/gems/3.1.0/gems/actionmailbox-7.1.3.4/app/views"

Did you mean?  comments/comments
               action_text/contents/content
               layouts/action_text/contents/content
               action_text/attachables/content_attachment
               action_text/attachables/remote_image
               articles/form):
    11: </ul>
    12: 
    13: <h2>Comments</h2>
    14: <%= render @article.comments %>
    15: 
    16: <h2>Add a comment:</h2>
    17: <%= form_with model: [ @article, @article.comments.build ] do |form| %>
  
app/views/articles/show.html.erb:14
Started GET "/articles/1" for ::1 at 2024-08-05 13:21:34 +0200
Processing by ArticlesController#show as HTML
  Parameters: {"id"=>"1"}
  [1m[36mArticle Load (0.9ms)[0m  [1m[34mSELECT "articles".* FROM "articles" WHERE "articles"."id" = ? LIMIT ?[0m  [["id", 1], ["LIMIT", 1]]
  ↳ app/controllers/articles_controller.rb:7:in `show'
  Rendering layout layouts/application.html.erb
  Rendering articles/show.html.erb within layouts/application
  [1m[36mComment Load (1.1ms)[0m  [1m[34mSELECT "comments".* FROM "comments" WHERE "comments"."article_id" = ?[0m  [["article_id", 1]]
  ↳ app/views/articles/show.html.erb:14
  Rendered articles/show.html.erb within layouts/application (Duration: 66.9ms | Allocations: 2656)
  Rendered layout layouts/application.html.erb (Duration: 68.8ms | Allocations: 2739)
Completed 500 Internal Server Error in 78ms (ActiveRecord: 2.0ms | Allocations: 3495)


  
ActionView::Template::Error (Missing partial comments/_comment with {:locale=>[:en], :formats=>[:html], :variants=>[], :handlers=>[:raw, :erb, :html, :builder, :ruby, :jbuilder]}.

Searched in:
  * "/mnt/c/Dev/Work/blog/app/views"
  * "/home/choki/.asdf/installs/ruby/3.1.4/lib/ruby/gems/3.1.0/gems/turbo-rails-2.0.6/app/views"
  * "/home/choki/.asdf/installs/ruby/3.1.4/lib/ruby/gems/3.1.0/gems/actiontext-7.1.3.4/app/views"
  * "/home/choki/.asdf/installs/ruby/3.1.4/lib/ruby/gems/3.1.0/gems/actionmailbox-7.1.3.4/app/views"

Did you mean?  comments/comments
               action_text/contents/content
               layouts/action_text/contents/content
               action_text/attachables/content_attachment
               action_text/attachables/remote_image
               articles/form):
    11: </ul>
    12: 
    13: <h2>Comments</h2>
    14: <%= render @article.comments %>
    15: 
    16: <h2>Add a comment:</h2>
    17: <%= form_with model: [ @article, @article.comments.build ] do |form| %>
  
app/views/articles/show.html.erb:14
Started GET "/articles/1" for ::1 at 2024-08-05 13:22:13 +0200
Processing by ArticlesController#show as HTML
  Parameters: {"id"=>"1"}
  [1m[36mArticle Load (0.6ms)[0m  [1m[34mSELECT "articles".* FROM "articles" WHERE "articles"."id" = ? LIMIT ?[0m  [["id", 1], ["LIMIT", 1]]
  ↳ app/controllers/articles_controller.rb:7:in `show'
  Rendering layout layouts/application.html.erb
  Rendering articles/show.html.erb within layouts/application
  [1m[36mComment Load (1.1ms)[0m  [1m[34mSELECT "comments".* FROM "comments" WHERE "comments"."article_id" = ?[0m  [["article_id", 1]]
  ↳ app/views/articles/show.html.erb:14
  Rendered articles/show.html.erb within layouts/application (Duration: 50.1ms | Allocations: 2478)
  Rendered layout layouts/application.html.erb (Duration: 51.4ms | Allocations: 2561)
Completed 500 Internal Server Error in 58ms (ActiveRecord: 1.6ms | Allocations: 3301)


  
ActionView::Template::Error (Missing partial comments/_comment with {:locale=>[:en], :formats=>[:html], :variants=>[], :handlers=>[:raw, :erb, :html, :builder, :ruby, :jbuilder]}.

Searched in:
  * "/mnt/c/Dev/Work/blog/app/views"
  * "/home/choki/.asdf/installs/ruby/3.1.4/lib/ruby/gems/3.1.0/gems/turbo-rails-2.0.6/app/views"
  * "/home/choki/.asdf/installs/ruby/3.1.4/lib/ruby/gems/3.1.0/gems/actiontext-7.1.3.4/app/views"
  * "/home/choki/.asdf/installs/ruby/3.1.4/lib/ruby/gems/3.1.0/gems/actionmailbox-7.1.3.4/app/views"
):
    11: </ul>
    12: 
    13: <h2>Comments</h2>
    14: <%= render @article.comments %>
    15: 
    16: <h2>Add a comment:</h2>
    17: <%= form_with model: [ @article, @article.comments.build ] do |form| %>
  
app/views/articles/show.html.erb:14
Started GET "/" for ::1 at 2024-08-05 13:24:03 +0200
  [1m[36mActiveRecord::SchemaMigration Load (1.8ms)[0m  [1m[34mSELECT "schema_migrations"."version" FROM "schema_migrations" ORDER BY "schema_migrations"."version" ASC[0m
Processing by ArticlesController#index as HTML
  Rendering layout layouts/application.html.erb
  Rendering articles/index.html.erb within layouts/application
  [1m[36mArticle Load (1.9ms)[0m  [1m[34mSELECT "articles".* FROM "articles"[0m
  ↳ app/views/articles/index.html.erb:4
  Rendered articles/index.html.erb within layouts/application (Duration: 79.4ms | Allocations: 10247)
  Rendered layout layouts/application.html.erb (Duration: 491.5ms | Allocations: 30477)
Completed 200 OK in 700ms (Views: 459.7ms | ActiveRecord: 73.5ms | Allocations: 41848)


Started GET "/articles/1" for ::1 at 2024-08-05 13:24:06 +0200
Processing by ArticlesController#show as HTML
  Parameters: {"id"=>"1"}
  [1m[36mArticle Load (1.0ms)[0m  [1m[34mSELECT "articles".* FROM "articles" WHERE "articles"."id" = ? LIMIT ?[0m  [["id", 1], ["LIMIT", 1]]
  ↳ app/controllers/articles_controller.rb:7:in `show'
  Rendering layout layouts/application.html.erb
  Rendering articles/show.html.erb within layouts/application
  [1m[36mComment Load (0.6ms)[0m  [1m[34mSELECT "comments".* FROM "comments" WHERE "comments"."article_id" = ?[0m  [["article_id", 1]]
  ↳ app/views/articles/show.html.erb:14
  Rendered collection of comments/_comment.html.erb [1 times] (Duration: 10.3ms | Allocations: 315)
  Rendered articles/show.html.erb within layouts/application (Duration: 173.1ms | Allocations: 13814)
  Rendered layout layouts/application.html.erb (Duration: 247.6ms | Allocations: 14872)
Completed 200 OK in 276ms (Views: 245.5ms | ActiveRecord: 5.0ms | Allocations: 17773)


Started GET "/articles/1/edit" for ::1 at 2024-08-05 13:24:18 +0200
Processing by ArticlesController#edit as HTML
  Parameters: {"id"=>"1"}
  [1m[36mArticle Load (1.7ms)[0m  [1m[34mSELECT "articles".* FROM "articles" WHERE "articles"."id" = ? LIMIT ?[0m  [["id", 1], ["LIMIT", 1]]
  ↳ app/controllers/articles_controller.rb:25:in `edit'
  Rendering layout layouts/application.html.erb
  Rendering articles/edit.html.erb within layouts/application
  Rendered articles/_form.html.erb (Duration: 13.1ms | Allocations: 1296)
  Rendered articles/edit.html.erb within layouts/application (Duration: 43.8ms | Allocations: 1574)
  Rendered layout layouts/application.html.erb (Duration: 113.3ms | Allocations: 2505)
Completed 200 OK in 145ms (Views: 115.5ms | ActiveRecord: 1.7ms | Allocations: 3468)


Started GET "/articles/1" for ::1 at 2024-08-05 13:24:20 +0200
Processing by ArticlesController#show as HTML
  Parameters: {"id"=>"1"}
  [1m[36mArticle Load (0.6ms)[0m  [1m[34mSELECT "articles".* FROM "articles" WHERE "articles"."id" = ? LIMIT ?[0m  [["id", 1], ["LIMIT", 1]]
  ↳ app/controllers/articles_controller.rb:7:in `show'
  Rendering layout layouts/application.html.erb
  Rendering articles/show.html.erb within layouts/application
  [1m[36mComment Load (0.5ms)[0m  [1m[34mSELECT "comments".* FROM "comments" WHERE "comments"."article_id" = ?[0m  [["article_id", 1]]
  ↳ app/views/articles/show.html.erb:14
  Rendered collection of comments/_comment.html.erb [1 times] (Duration: 0.1ms | Allocations: 82)
  Rendered articles/show.html.erb within layouts/application (Duration: 4.1ms | Allocations: 1994)
  Rendered layout layouts/application.html.erb (Duration: 34.7ms | Allocations: 2924)
Completed 200 OK in 41ms (Views: 35.4ms | ActiveRecord: 1.1ms | Allocations: 3692)


Started GET "/articles/2" for ::1 at 2024-08-05 13:24:22 +0200
Processing by ArticlesController#show as HTML
  Parameters: {"id"=>"2"}
  [1m[36mArticle Load (1.0ms)[0m  [1m[34mSELECT "articles".* FROM "articles" WHERE "articles"."id" = ? LIMIT ?[0m  [["id", 2], ["LIMIT", 1]]
  ↳ app/controllers/articles_controller.rb:7:in `show'
  Rendering layout layouts/application.html.erb
  Rendering articles/show.html.erb within layouts/application
  [1m[36mComment Load (1.0ms)[0m  [1m[34mSELECT "comments".* FROM "comments" WHERE "comments"."article_id" = ?[0m  [["article_id", 2]]
  ↳ app/views/articles/show.html.erb:14
  Rendered collection of templates [0 times] (Duration: 0.0ms | Allocations: 21)
  Rendered articles/show.html.erb within layouts/application (Duration: 4.9ms | Allocations: 1811)
  Rendered layout layouts/application.html.erb (Duration: 56.4ms | Allocations: 2741)
Completed 200 OK in 64ms (Views: 57.5ms | ActiveRecord: 2.0ms | Allocations: 3508)


Started GET "/articles/1" for ::1 at 2024-08-05 13:24:31 +0200
Processing by ArticlesController#show as HTML
  Parameters: {"id"=>"1"}
  [1m[36mArticle Load (0.6ms)[0m  [1m[34mSELECT "articles".* FROM "articles" WHERE "articles"."id" = ? LIMIT ?[0m  [["id", 1], ["LIMIT", 1]]
  ↳ app/controllers/articles_controller.rb:7:in `show'
  Rendering layout layouts/application.html.erb
  Rendering articles/show.html.erb within layouts/application
  [1m[36mComment Load (0.7ms)[0m  [1m[34mSELECT "comments".* FROM "comments" WHERE "comments"."article_id" = ?[0m  [["article_id", 1]]
  ↳ app/views/articles/show.html.erb:14
  Rendered collection of comments/_comment.html.erb [1 times] (Duration: 0.1ms | Allocations: 79)
  Rendered articles/show.html.erb within layouts/application (Duration: 4.3ms | Allocations: 1892)
  Rendered layout layouts/application.html.erb (Duration: 45.1ms | Allocations: 2822)
Completed 200 OK in 51ms (Views: 45.9ms | ActiveRecord: 1.3ms | Allocations: 3573)


Started GET "/articles/1" for ::1 at 2024-08-05 13:25:33 +0200
Processing by ArticlesController#show as HTML
  Parameters: {"id"=>"1"}
  [1m[36mArticle Load (2.3ms)[0m  [1m[34mSELECT "articles".* FROM "articles" WHERE "articles"."id" = ? LIMIT ?[0m  [["id", 1], ["LIMIT", 1]]
  ↳ app/controllers/articles_controller.rb:7:in `show'
  Rendering layout layouts/application.html.erb
  Rendering articles/show.html.erb within layouts/application
  [1m[36mComment Load (0.6ms)[0m  [1m[34mSELECT "comments".* FROM "comments" WHERE "comments"."article_id" = ?[0m  [["article_id", 1]]
  ↳ app/views/articles/show.html.erb:14
  Rendered collection of comments/_comment.html.erb [1 times] (Duration: 5.8ms | Allocations: 253)
  Rendered comments/_form.html.erb (Duration: 7.5ms | Allocations: 1395)
  Rendered articles/show.html.erb within layouts/application (Duration: 61.3ms | Allocations: 8778)
  Rendered layout layouts/application.html.erb (Duration: 126.3ms | Allocations: 10027)
Completed 200 OK in 236ms (Views: 137.2ms | ActiveRecord: 81.8ms | Allocations: 16443)


